Building DAG of jobs...
Using shell: /bin/bash
Provided cores: 1 (use --cores to define parallelism)
Rules claiming more threads will be scaled down.
Job stats:
job         count    min threads    max threads
--------  -------  -------------  -------------
all             1              1              1
fastqc          1              1              1
flagstat        1              1              1
index           1              1              1
mem             1              1              1
python          1              1              1
total           6              1              1

Select jobs to execute...

[Sun Oct 31 21:20:59 2021]
rule fastqc:
    input: sra_data.fastq.gz
    output: sra_data.html
    jobid: 5
    resources: tmpdir=/var/folders/wl/0xtqh9895zd0m83ht65dl4s80000gn/T

[Sun Oct 31 21:21:04 2021]
Error in rule fastqc:
    jobid: 5
    output: sra_data.html
    shell:
        fastqc sra_data.fastq.gz ; mv sra_data.html sra_data.html ; rm sra_data_fastqc.zip
        (one of the commands exited with non-zero exit code; note that snakemake uses bash strict mode!)

Shutting down, this might take some time.
Exiting because a job execution failed. Look above for error message
Complete log: /Users/vladimirleshkevich/GitProjects/NSUBioinformatics2021/Checkpoint_3/.snakemake/log/2021-10-31T212058.781411.snakemake.log
