Building DAG of jobs...
Using shell: /bin/bash
Provided cores: 1 (use --cores to define parallelism)
Rules claiming more threads will be scaled down.
Job stats:
job         count    min threads    max threads
--------  -------  -------------  -------------
all             1              1              1
flagstat        1              1              1
index           1              1              1
mem             1              1              1
python          1              1              1
total           5              1              1

Select jobs to execute...

[Sun Oct 31 20:22:54 2021]
rule index:
    input: ref.fa
    output: ref.mmi
    jobid: 4
    resources: tmpdir=/var/folders/wl/0xtqh9895zd0m83ht65dl4s80000gn/T

[Sun Oct 31 20:22:54 2021]
Error in rule index:
    jobid: 4
    output: ref.mmi
    shell:
        ../../minimap2 -d ref.mmi ref.fa
        (one of the commands exited with non-zero exit code; note that snakemake uses bash strict mode!)

Shutting down, this might take some time.
Exiting because a job execution failed. Look above for error message
Complete log: /Users/vladimirleshkevich/GitProjects/NSUBioinformatics2021/Checkpoint_3/.snakemake/log/2021-10-31T202253.714376.snakemake.log
