Building DAG of jobs...
Using shell: /bin/bash
Provided cores: 1 (use --cores to define parallelism)
Rules claiming more threads will be scaled down.
Job stats:
job         count    min threads    max threads
--------  -------  -------------  -------------
all             1              1              1
fastqc          1              1              1
flagstat        1              1              1
index           1              1              1
mem             1              1              1
python          1              1              1
total           6              1              1

Select jobs to execute...

[Sun Oct 31 20:53:36 2021]
rule fastqc:
    input: sra_data.fastq.gz
    output: sra_data_fastqc.html
    jobid: 5
    resources: tmpdir=/var/folders/wl/0xtqh9895zd0m83ht65dl4s80000gn/T

[Sun Oct 31 20:53:42 2021]
Finished job 5.
1 of 6 steps (17%) done
Select jobs to execute...

[Sun Oct 31 20:53:42 2021]
rule index:
    input: ref.fa, sra_data_fastqc.html
    output: ref.mmi
    jobid: 4
    resources: tmpdir=/var/folders/wl/0xtqh9895zd0m83ht65dl4s80000gn/T

[Sun Oct 31 20:53:42 2021]
Finished job 4.
2 of 6 steps (33%) done
Select jobs to execute...

[Sun Oct 31 20:53:42 2021]
rule mem:
    input: ref.mmi
    output: sra_data.sam
    jobid: 3
    resources: tmpdir=/var/folders/wl/0xtqh9895zd0m83ht65dl4s80000gn/T

[Sun Oct 31 20:54:13 2021]
Finished job 3.
3 of 6 steps (50%) done
Select jobs to execute...

[Sun Oct 31 20:54:13 2021]
rule flagstat:
    input: sra_data.sam
    output: sra_data_flagstat.txt
    jobid: 2
    resources: tmpdir=/var/folders/wl/0xtqh9895zd0m83ht65dl4s80000gn/T

[Sun Oct 31 20:54:14 2021]
Finished job 2.
4 of 6 steps (67%) done
Select jobs to execute...

[Sun Oct 31 20:54:14 2021]
rule python:
    input: sra_data_flagstat.txt
    output: result.txt
    jobid: 1
    resources: tmpdir=/var/folders/wl/0xtqh9895zd0m83ht65dl4s80000gn/T

[Sun Oct 31 20:54:14 2021]
Finished job 1.
5 of 6 steps (83%) done
Select jobs to execute...

[Sun Oct 31 20:54:14 2021]
localrule all:
    input: result.txt
    jobid: 0
    resources: tmpdir=/var/folders/wl/0xtqh9895zd0m83ht65dl4s80000gn/T

[Sun Oct 31 20:54:14 2021]
Finished job 0.
6 of 6 steps (100%) done
Complete log: /Users/vladimirleshkevich/GitProjects/NSUBioinformatics2021/Checkpoint_3/.snakemake/log/2021-10-31T205336.519418.snakemake.log
