Building DAG of jobs...
Using shell: /bin/bash
Provided cores: 1 (use --cores to define parallelism)
Rules claiming more threads will be scaled down.
Job stats:
job         count    min threads    max threads
--------  -------  -------------  -------------
all             1              1              1
flagstat        1              1              1
index           1              1              1
mem             1              1              1
python          1              1              1
total           5              1              1

Select jobs to execute...

[Sun Oct 31 20:23:12 2021]
rule index:
    input: ref.fa
    output: ref.mmi
    jobid: 4
    resources: tmpdir=/var/folders/wl/0xtqh9895zd0m83ht65dl4s80000gn/T

[Sun Oct 31 20:23:12 2021]
Finished job 4.
1 of 5 steps (20%) done
Select jobs to execute...

[Sun Oct 31 20:23:12 2021]
rule mem:
    input: ref.mmi
    output: sra_data.sam
    jobid: 3
    wildcards: condition=sra_data
    resources: tmpdir=/var/folders/wl/0xtqh9895zd0m83ht65dl4s80000gn/T

RuleException in line 41 of /Users/vladimirleshkevich/GitProjects/NSUBioinformatics2021/Checkpoint_3/pipeline02.py:
NameError: The name 'condition' is unknown in this context. Did you mean 'wildcards.condition'?
