Building DAG of jobs...
Using shell: /bin/bash
Provided cores: 1 (use --cores to define parallelism)
Rules claiming more threads will be scaled down.
Job stats:
job         count    min threads    max threads
--------  -------  -------------  -------------
all             1              1              1
flagstat        1              1              1
index           1              1              1
mem             1              1              1
python          1              1              1
total           5              1              1

Select jobs to execute...

[Sun Oct 31 20:37:26 2021]
rule index:
    input: ref.fa
    output: ref.mmi
    jobid: 4
    resources: tmpdir=/var/folders/wl/0xtqh9895zd0m83ht65dl4s80000gn/T

[Sun Oct 31 20:37:26 2021]
Finished job 4.
1 of 5 steps (20%) done
Select jobs to execute...

[Sun Oct 31 20:37:26 2021]
rule mem:
    input: ref.mmi
    output: sra_data.sam
    jobid: 3
    resources: tmpdir=/var/folders/wl/0xtqh9895zd0m83ht65dl4s80000gn/T

[Sun Oct 31 20:37:55 2021]
Finished job 3.
2 of 5 steps (40%) done
Select jobs to execute...

[Sun Oct 31 20:37:55 2021]
rule flagstat:
    input: sra_data.sam
    output: sra_data_stat.txt
    jobid: 2
    resources: tmpdir=/var/folders/wl/0xtqh9895zd0m83ht65dl4s80000gn/T

[Sun Oct 31 20:37:56 2021]
Finished job 2.
3 of 5 steps (60%) done
Select jobs to execute...

[Sun Oct 31 20:37:56 2021]
rule python:
    input: sra_data_stat.txt
    output: sra_data_answer.txt
    jobid: 1
    resources: tmpdir=/var/folders/wl/0xtqh9895zd0m83ht65dl4s80000gn/T

[Sun Oct 31 20:37:56 2021]
Finished job 1.
4 of 5 steps (80%) done
Select jobs to execute...

[Sun Oct 31 20:37:56 2021]
localrule all:
    input: sra_data_answer.txt
    jobid: 0
    resources: tmpdir=/var/folders/wl/0xtqh9895zd0m83ht65dl4s80000gn/T

[Sun Oct 31 20:37:56 2021]
Finished job 0.
5 of 5 steps (100%) done
Complete log: /Users/vladimirleshkevich/GitProjects/NSUBioinformatics2021/Checkpoint_3/.snakemake/log/2021-10-31T203725.805966.snakemake.log
