Building DAG of jobs...
Using shell: /bin/bash
Provided cores: 1 (use --cores to define parallelism)
Rules claiming more threads will be scaled down.
Job stats:
job            count    min threads    max threads
-----------  -------  -------------  -------------
all                1              1              1
hello_world        1              1              1
total              2              1              1

Select jobs to execute...

[Mon Oct 25 18:50:13 2021]
rule hello_world:
    output: hello/world.txt
    jobid: 1
    resources: tmpdir=/var/folders/wl/0xtqh9895zd0m83ht65dl4s80000gn/T

[Mon Oct 25 18:50:13 2021]
Finished job 1.
1 of 2 steps (50%) done
Select jobs to execute...

[Mon Oct 25 18:50:13 2021]
localrule all:
    input: hello/world.txt
    jobid: 0
    resources: tmpdir=/var/folders/wl/0xtqh9895zd0m83ht65dl4s80000gn/T

[Mon Oct 25 18:50:13 2021]
Finished job 0.
2 of 2 steps (100%) done
Complete log: /Users/vladimirleshkevich/GitProjects/NSUBioinformatics2021/Checkpoint_2/.snakemake/log/2021-10-25T185013.321735.snakemake.log
